<?xml version="1.0" encoding="UTF-8" ?>
<testsuite tests="4" failures="1" name="TestSuite" time="12.096" errors="0" skipped="0">
  <properties>
[...]
</properties>
  <testcase classname="simulacoes.SimulacaoApiHealthCheckTest" name="healthCheckSimulador" time="1.263"/>
  <testcase classname="simulacoes.SimulacoesGetTest" name="getSimulacoes" time="0.64"/>
  <testcase classname="simulacoes.SimularInvestimentoTest" name="criarSimulacaoComFalha" time="0.238"/>
  <testcase classname="simulacoes.SimularInvestimentoTest" name="criarSimulacaoComSucesso" time="9.955">
    <failure message="expected [R$ 293.328] but found [R$ 3.048]" type="java.lang.AssertionError">java.lang.AssertionError: expected [R$ 293.328] but found [R$ 3.048]
	at org.testng.Assert.fail(Assert.java:96)
	at org.testng.Assert.failNotEquals(Assert.java:776)
	at org.testng.Assert.assertEqualsImpl(Assert.java:137)
	at org.testng.Assert.assertEquals(Assert.java:118)
	at org.testng.Assert.assertEquals(Assert.java:453)
	at org.testng.Assert.assertEquals(Assert.java:463)
	at simulacoes.SimularInvestimentoTest.criarSimulacaoComSucesso(SimularInvestimentoTest.java:36)
</failure>
  </testcase>
</testsuite>